<?xml version="1.0" encoding="UTF-8"?>
<!-- Generated by org.testng.reporters.JUnitReportReporter -->
<testsuite hostname="DESKTOP-DA6GEAH" failures="0" tests="3" name="com.AmazonCA.qa.testcases.Homepagetest" time="27.785" errors="0" timestamp="27 Jun. 2023 03:48:48 GMT" skipped="0">
  <testcase classname="com.AmazonCA.qa.testcases.Homepagetest" name="footerpresentTest" time="8.980"/>
  <testcase classname="com.AmazonCA.qa.testcases.Homepagetest" name="HomepageTitleTest" time="8.932"/>
  <testcase classname="com.AmazonCA.qa.testcases.Homepagetest" name="logopresentTest" time="9.873"/>
</testsuite> <!-- com.AmazonCA.qa.testcases.Homepagetest -->
